<?xml version="1.0" encoding="UTF-8"?>
<!-- Generated by org.testng.reporters.JUnitReportReporter -->
<testsuite hostname="HARSHITA" failures="0" tests="1" name="htmlUnitWithPhantomJS.HtmlUnitPhantomJS" time="13.447" errors="0" timestamp="01 Sep 2018 01:55:50 GMT" skipped="0">
  <testcase classname="htmlUnitWithPhantomJS.HtmlUnitPhantomJS" name="VerifyFacebookTitle" time="13.447"/>
</testsuite> <!-- htmlUnitWithPhantomJS.HtmlUnitPhantomJS -->
